<?xml version="1.0" encoding="UTF-8"?>
<!-- Generated by org.testng.reporters.JUnitXMLReporter -->
<testsuite hostname="Mypc" name="Test" tests="2" failures="1" timestamp="5 Jul 2016 14:11:36 GMT" time="21.339" errors="0">
  <testcase name="org_Empreg" time="12.518" classname="com.orgHrm.testNGMaster.empregtest"/>
  <testcase name="userreg" time="0.007" classname="com.orgHrm.testNGMaster.userregtest">
    <failure type="java.lang.NullPointerException">
      <![CDATA[java.lang.NullPointerException
	at com.orgHrm.testNGMaster.userregtest.userreg(userregtest.java:18)
... Removed 25 stack frames]]>
    </failure>
  </testcase> <!-- userreg -->
</testsuite> <!-- Test -->
